<?xml version="1.0" encoding="UTF-8"?>
<!-- Generated by org.testng.reporters.JUnitXMLReporter -->
<testsuite hostname="nn-PC" name="Test" tests="5" failures="0" timestamp="2 Feb 2020 10:31:20 GMT" time="73.472" errors="0">
  <testcase name="openMyBlog" time="0.182" classname="tests.DemoTest"/>
  <testcase name="test4" time="0.006" classname="tests.TestClass4"/>
  <testcase name="test3" time="0.005" classname="tests.TestClass3"/>
  <testcase name="test" time="56.075" classname="tests.TestNGExample"/>
  <testcase name="test" time="16.867" classname="webdriver.tests.WebdriverHandleTest"/>
</testsuite> <!-- Test -->
