<?xml version="1.0" encoding="UTF-8"?>
<!-- Generated by org.testng.reporters.JUnitXMLReporter -->
<testsuite hostname="nn-PC" name="Test" tests="6" failures="0" timestamp="2 Feb 2020 11:11:19 GMT" time="108.148" errors="0">
  <testcase name="openMyBlog" time="0.185" classname="tests.DemoTest"/>
  <testcase name="test5" time="0.008" classname="tests.TestClass5"/>
  <testcase name="test4" time="0.006" classname="tests.TestClass4"/>
  <testcase name="test3" time="0.006" classname="tests.TestClass3"/>
  <testcase name="test" time="71.109" classname="tests.TestNGExample"/>
  <testcase name="test" time="36.505" classname="webdriver.tests.WebdriverHandleTest"/>
</testsuite> <!-- Test -->
