<?xml version="1.0" encoding="UTF-8"?>
<testng-results skipped="0" failed="0" total="2" passed="2">
  <reporter-output>
    <line>
      <![CDATA[HELLO]]>
    </line>
    <line>
      <![CDATA[HELLO I am testing Maven]]>
    </line>
    <line>
      <![CDATA[Hello]]>
    </line>
  </reporter-output>
  <suite name="Suite" duration-ms="79590" started-at="2020-01-30T05:53:56Z" finished-at="2020-01-30T05:55:15Z">
    <groups>
    </groups>
    <test name="Test" duration-ms="79590" started-at="2020-01-30T05:53:56Z" finished-at="2020-01-30T05:55:15Z">
      <class name="tests.DemoTest">
        <test-method status="PASS" signature="openMyBlog()[pri:0, instance:tests.DemoTest@1081592]" name="openMyBlog" duration-ms="130" started-at="2020-01-30T11:23:56Z" finished-at="2020-01-30T11:23:56Z">
          <reporter-output>
            <line>
              <![CDATA[HELLO]]>
            </line>
            <line>
              <![CDATA[HELLO I am testing Maven]]>
            </line>
          </reporter-output>
        </test-method> <!-- openMyBlog -->
      </class> <!-- tests.DemoTest -->
      <class name="webdriver.tests.WebdriverHandleTest">
        <test-method status="PASS" signature="test()[pri:0, instance:webdriver.tests.WebdriverHandleTest@15d3402]" name="test" duration-ms="79290" started-at="2020-01-30T11:23:56Z" finished-at="2020-01-30T11:25:15Z">
          <reporter-output>
            <line>
              <![CDATA[Hello]]>
            </line>
          </reporter-output>
        </test-method> <!-- test -->
      </class> <!-- webdriver.tests.WebdriverHandleTest -->
    </test> <!-- Test -->
  </suite> <!-- Suite -->
</testng-results>
