<?xml version="1.0" encoding="UTF-8"?>
<testng-results skipped="0" failed="0" total="1" passed="1">
  <reporter-output>
    <line>
      <![CDATA[Start Flip cart home page]]>
    </line>
  </reporter-output>
  <suite name="Default suite" duration-ms="1108" started-at="2020-02-03T06:56:03Z" finished-at="2020-02-03T06:56:04Z">
    <groups>
    </groups>
    <test name="Default test" duration-ms="1108" started-at="2020-02-03T06:56:03Z" finished-at="2020-02-03T06:56:04Z">
      <class name="tests.TestNGExample">
        <test-method status="PASS" signature="test()[pri:0, instance:tests.TestNGExample@12bf671]" name="test" duration-ms="437" started-at="2020-02-03T12:26:03Z" finished-at="2020-02-03T12:26:04Z">
          <reporter-output>
            <line>
              <![CDATA[Start Flip cart home page]]>
            </line>
          </reporter-output>
        </test-method> <!-- test -->
      </class> <!-- tests.TestNGExample -->
    </test> <!-- Default test -->
  </suite> <!-- Default suite -->
</testng-results>
